Archive Project report for risc_v32i
Sun Jun 04 14:47:33 2023
Quartus II 64-Bit Version 13.1.0 Build 162 10/23/2013 SJ Web Edition


---------------------
; Table of Contents ;
---------------------
  1. Legal Notice
  2. Archive Project Summary
  3. Archive Project Messages
  4. Files Archived



----------------
; Legal Notice ;
----------------
Copyright (C) 1991-2013 Altera Corporation
Your use of Altera Corporation's design tools, logic functions 
and other software and tools, and its AMPP partner logic 
functions, and any output files from any of the foregoing 
(including device programming or simulation files), and any 
associated documentation or information are expressly subject 
to the terms and conditions of the Altera Program License 
Subscription Agreement, Altera MegaCore Function License 
Agreement, or other applicable license agreement, including, 
without limitation, that your use is for the sole purpose of 
programming logic devices manufactured by Altera and sold by 
Altera or its authorized distributors.  Please refer to the 
applicable agreement for further details.



+----------------------------------------------------------------+
; Archive Project Summary                                        ;
+------------------------+---------------------------------------+
; Archive Project Status ; Successful - Sun Jun 04 14:47:33 2023 ;
; Revision Name          ; risc_v32i                             ;
; Top-level Entity Name  ; risc_v32i                             ;
; Family                 ; Cyclone III                           ;
+------------------------+---------------------------------------+


+--------------------------+
; Archive Project Messages ;
+--------------------------+
Info: File Set 'Source control' contains:
    Info: Project source and settings files
    Info: Automatically detected source files
Info: ----------------------------------------------------------
Info: ----------------------------------------------------------
Info: Generated archive 'C:/Users/Matheus e Gustavo/Desktop/riscv32iGustavoMatheusGabriel.qar'
Info: ----------------------------------------------------------
Info: ----------------------------------------------------------
Info: Generated report 'risc_v32i.archive.rpt'
Info (23030): Evaluation of Tcl script e:/altera/13.1/quartus/common/tcl/apps/qpm/qar.tcl was successful
Info: Quartus II 64-Bit Shell was successful. 0 errors, 0 warnings
    Info: Peak virtual memory: 4486 megabytes
    Info: Processing ended: Sun Jun 04 14:47:33 2023
    Info: Elapsed time: 00:00:02
    Info: Total CPU time (on all processors): 00:00:00


+------------------------------------------------------+
; Files Archived                                       ;
+------------------------------------------------------+
; File Name                                            ;
+------------------------------------------------------+
; assignment_defaults.qdf                              ;
; db/risc_v32i.cmp.hdb                                 ;
; db/risc_v32i.db_info                                 ;
; fontes/add_sub.bdf                                   ;
; fontes/and32.bdf                                     ;
; fontes/banco_registradores.vhd                       ;
; fontes/calculo_PC.bdf                                ;
; fontes/full_adder.bdf                                ;
; fontes/full_adder32.bdf                              ;
; fontes/memoria_instrucao.vhd                         ;
; fontes/Mux.vhd                                       ;
; fontes/mux21_1b.bdf                                  ;
; fontes/mux21_32b.bdf                                 ;
; fontes/mux81_32b.bdf                                 ;
; fontes/or32.bdf                                      ;
; fontes/PC.vhd                                        ;
; fontes/risc_v32i.bdf                                 ;
; fontes/signal_ext12_32.bdf                           ;
; fontes/xor32.bdf                                     ;
; incremental_db/compiled_partitions/risc_v32i.db_info ;
; lpm_constant0.bsf                                    ;
; lpm_constant0.cmp                                    ;
; lpm_constant0.qip                                    ;
; lpm_constant0.vhd                                    ;
; lpm_constant1.bsf                                    ;
; lpm_constant1.cmp                                    ;
; lpm_constant1.qip                                    ;
; lpm_constant1.vhd                                    ;
; risc_v32i.qpf                                        ;
; risc_v32i.qsf                                        ;
; testes/teste_mux21_1b.vwf                            ;
; testes/teste_mux21_32b.vwf                           ;
+------------------------------------------------------+


