Flow report for risc_v32i
Sat Jun 03 17:52:54 2023
Quartus II 64-Bit Version 13.1.0 Build 162 10/23/2013 SJ Web Edition


---------------------
; Table of Contents ;
---------------------
  1. Legal Notice
  2. Flow Summary
  3. Flow Settings
  4. Flow Non-Default Global Settings
  5. Flow Elapsed Time
  6. Flow OS Summary
  7. Flow Log
  8. Flow Messages
  9. Flow Suppressed Messages



----------------
; Legal Notice ;
----------------
Copyright (C) 1991-2013 Altera Corporation
Your use of Altera Corporation's design tools, logic functions 
and other software and tools, and its AMPP partner logic 
functions, and any output files from any of the foregoing 
(including device programming or simulation files), and any 
associated documentation or information are expressly subject 
to the terms and conditions of the Altera Program License 
Subscription Agreement, Altera MegaCore Function License 
Agreement, or other applicable license agreement, including, 
without limitation, that your use is for the sole purpose of 
programming logic devices manufactured by Altera and sold by 
Altera or its authorized distributors.  Please refer to the 
applicable agreement for further details.



+---------------------------------------------------------------------------------+
; Flow Summary                                                                    ;
+------------------------------------+--------------------------------------------+
; Flow Status                        ; Successful - Sat Jun 03 17:52:54 2023      ;
; Quartus II 64-Bit Version          ; 13.1.0 Build 162 10/23/2013 SJ Web Edition ;
; Revision Name                      ; risc_v32i                                  ;
; Top-level Entity Name              ; calculo_PC                                 ;
; Family                             ; Cyclone III                                ;
; Total logic elements               ; 38 / 5,136 ( < 1 % )                       ;
;     Total combinational functions  ; 38 / 5,136 ( < 1 % )                       ;
;     Dedicated logic registers      ; 0 / 5,136 ( 0 % )                          ;
; Total registers                    ; 0                                          ;
; Total pins                         ; 64 / 183 ( 35 % )                          ;
; Total virtual pins                 ; 0                                          ;
; Total memory bits                  ; 0 / 423,936 ( 0 % )                        ;
; Embedded Multiplier 9-bit elements ; 0 / 46 ( 0 % )                             ;
; Total PLLs                         ; 0 / 2 ( 0 % )                              ;
; Device                             ; EP3C5F256C6                                ;
; Timing Models                      ; Final                                      ;
+------------------------------------+--------------------------------------------+


+-----------------------------------------+
; Flow Settings                           ;
+-------------------+---------------------+
; Option            ; Setting             ;
+-------------------+---------------------+
; Start date & time ; 06/03/2023 17:52:44 ;
; Main task         ; Compilation         ;
; Revision Name     ; risc_v32i           ;
+-------------------+---------------------+


+--------------------------------------------------------------------------------------------------------------------+
; Flow Non-Default Global Settings                                                                                   ;
+-------------------------------------+-------------------------------+---------------+-------------+----------------+
; Assignment Name                     ; Value                         ; Default Value ; Entity Name ; Section Id     ;
+-------------------------------------+-------------------------------+---------------+-------------+----------------+
; COMPILER_SIGNATURE_ID               ; 9413554793234.168582556404024 ; --            ; --          ; --             ;
; EDA_GENERATE_FUNCTIONAL_NETLIST     ; On                            ; --            ; --          ; eda_simulation ;
; EDA_OUTPUT_DATA_FORMAT              ; Verilog Hdl                   ; --            ; --          ; eda_simulation ;
; EDA_SIMULATION_TOOL                 ; ModelSim-Altera (Verilog)     ; <None>        ; --          ; --             ;
; IP_TOOL_NAME                        ; LPM_CONSTANT                  ; --            ; --          ; --             ;
; IP_TOOL_NAME                        ; LPM_CONSTANT                  ; --            ; --          ; --             ;
; IP_TOOL_VERSION                     ; 13.1                          ; --            ; --          ; --             ;
; IP_TOOL_VERSION                     ; 13.1                          ; --            ; --          ; --             ;
; MISC_FILE                           ; lpm_constant0.bsf             ; --            ; --          ; --             ;
; MISC_FILE                           ; lpm_constant0.cmp             ; --            ; --          ; --             ;
; MISC_FILE                           ; lpm_constant1.bsf             ; --            ; --          ; --             ;
; MISC_FILE                           ; lpm_constant1.cmp             ; --            ; --          ; --             ;
; PARTITION_COLOR                     ; 16764057                      ; --            ; calculo_PC  ; Top            ;
; PARTITION_FITTER_PRESERVATION_LEVEL ; PLACEMENT_AND_ROUTING         ; --            ; calculo_PC  ; Top            ;
; PARTITION_NETLIST_TYPE              ; SOURCE                        ; --            ; calculo_PC  ; Top            ;
; PROJECT_OUTPUT_DIRECTORY            ; output_files                  ; --            ; --          ; --             ;
; SEARCH_PATH                         ; fontes/                       ; --            ; --          ; --             ;
; SEARCH_PATH                         ; testes/                       ; --            ; --          ; --             ;
; TOP_LEVEL_ENTITY                    ; calculo_PC                    ; risc_v32i     ; --          ; --             ;
+-------------------------------------+-------------------------------+---------------+-------------+----------------+


+-------------------------------------------------------------------------------------------------------------------------------+
; Flow Elapsed Time                                                                                                             ;
+---------------------------+--------------+-------------------------+---------------------+------------------------------------+
; Module Name               ; Elapsed Time ; Average Processors Used ; Peak Virtual Memory ; Total CPU Time (on all processors) ;
+---------------------------+--------------+-------------------------+---------------------+------------------------------------+
; Analysis & Synthesis      ; 00:00:01     ; 1.0                     ; 4703 MB             ; 00:00:01                           ;
; Fitter                    ; 00:00:04     ; 1.0                     ; 6073 MB             ; 00:00:02                           ;
; Assembler                 ; 00:00:00     ; 1.0                     ; 4589 MB             ; 00:00:01                           ;
; TimeQuest Timing Analyzer ; 00:00:02     ; 1.0                     ; 4801 MB             ; 00:00:01                           ;
; EDA Netlist Writer        ; 00:00:00     ; 1.0                     ; 4540 MB             ; 00:00:00                           ;
; Total                     ; 00:00:07     ; --                      ; --                  ; 00:00:05                           ;
+---------------------------+--------------+-------------------------+---------------------+------------------------------------+


+----------------------------------------------------------------------------------------+
; Flow OS Summary                                                                        ;
+---------------------------+------------------+-----------+------------+----------------+
; Module Name               ; Machine Hostname ; OS Name   ; OS Version ; Processor type ;
+---------------------------+------------------+-----------+------------+----------------+
; Analysis & Synthesis      ; master-pc        ; Windows 7 ; 6.2        ; x86_64         ;
; Fitter                    ; master-pc        ; Windows 7 ; 6.2        ; x86_64         ;
; Assembler                 ; master-pc        ; Windows 7 ; 6.2        ; x86_64         ;
; TimeQuest Timing Analyzer ; master-pc        ; Windows 7 ; 6.2        ; x86_64         ;
; EDA Netlist Writer        ; master-pc        ; Windows 7 ; 6.2        ; x86_64         ;
+---------------------------+------------------+-----------+------------+----------------+


------------
; Flow Log ;
------------
quartus_map --read_settings_files=on --write_settings_files=off risc_v32i -c risc_v32i
quartus_fit --read_settings_files=off --write_settings_files=off risc_v32i -c risc_v32i
quartus_asm --read_settings_files=off --write_settings_files=off risc_v32i -c risc_v32i
quartus_sta risc_v32i -c risc_v32i
quartus_eda --read_settings_files=off --write_settings_files=off risc_v32i -c risc_v32i



